<?xml version="1.0" encoding="UTF-8"?>
<!-- Generated by org.testng.reporters.JUnitReportReporter -->
<testsuite skipped="2" hostname="Saif-Siddiqui-2.local" name="testcases.android.AmazonLoginTest" tests="2" failures="0" timestamp="12 Jul 2019 09:12:06 GMT" time="0.000" errors="0">
  <testcase name="verifyValidLogin" time="0.000" classname="testcases.android.AmazonLoginTest">
    <skipped/>
  </testcase> <!-- verifyValidLogin -->
  <testcase name="verifyLogout" time="0.000" classname="testcases.android.AmazonLoginTest">
    <skipped/>
  </testcase> <!-- verifyLogout -->
</testsuite> <!-- testcases.android.AmazonLoginTest -->
